
> africa@0.1.0 dev
> next dev --turbopack

   ▲ Next.js 15.1.6 (Turbopack)
   - Local:        http://localhost:3000
   - Network:      http://192.168.1.135:3000

 ✓ Starting...
 ✓ Ready in 1359ms
 ○ Compiling / ...
 ✓ Compiled / in 3.6s
 GET / 200 in 4260ms
 ✓ Compiled /favicon.ico in 164ms
 GET /favicon.ico?favicon.45db1c09.ico 200 in 262ms
 GET / 200 in 243ms
 GET /favicon.ico?favicon.45db1c09.ico 200 in 92ms
 GET /favicon.ico?favicon.45db1c09.ico 200 in 44ms
 GET / 200 in 126ms
 GET /favicon.ico?favicon.45db1c09.ico 200 in 55ms
 GET /favicon.ico?favicon.45db1c09.ico 200 in 57ms
 GET / 200 in 130ms
 GET /favicon.ico?favicon.45db1c09.ico 200 in 98ms
 GET /favicon.ico?favicon.45db1c09.ico 200 in 44ms
 ✓ Compiled /projects in 239ms
 ⨯ Error: connect ECONNREFUSED 127.0.0.1:5432
    at <unknown> (Error: connect ECONNREFUSED 127.0.0.1:5432) {
  errno: -111,
  code: 'ECONNREFUSED',
  syscall: 'connect',
  address: '127.0.0.1',
  port: 5432,
  digest: '2504099243'
}
 GET /projects 200 in 336ms
 GET /favicon.ico 200 in 102ms
 GET / 200 in 134ms
 GET /favicon.ico?favicon.45db1c09.ico 200 in 57ms
 GET /favicon.ico?favicon.45db1c09.ico 200 in 60ms
 GET / 200 in 146ms
 GET /favicon.ico?favicon.45db1c09.ico 200 in 30ms
 GET / 200 in 137ms
 GET /favicon.ico?favicon.45db1c09.ico 200 in 41ms
 GET / 200 in 111ms
 GET /favicon.ico?favicon.45db1c09.ico 200 in 124ms
 GET /favicon.ico?favicon.45db1c09.ico 200 in 31ms
 GET / 200 in 123ms
 GET /favicon.ico?favicon.45db1c09.ico 200 in 58ms
 GET /favicon.ico?favicon.45db1c09.ico 200 in 62ms
 GET / 200 in 172ms
 GET /favicon.ico?favicon.45db1c09.ico 200 in 99ms
 GET /favicon.ico?favicon.45db1c09.ico 200 in 60ms
 GET / 200 in 144ms
 GET /favicon.ico?favicon.45db1c09.ico 200 in 74ms
 GET / 200 in 128ms
 GET /favicon.ico?favicon.45db1c09.ico 200 in 55ms
 GET /favicon.ico?favicon.45db1c09.ico 200 in 58ms
